<?xml version="1.0" encoding="UTF-8"?>
<testsuites>
  <testsuite name="fastlane.lanes">
    
    
    
      
      <testcase classname="fastlane.lanes" name="0: default_platform" time="0.000335">
        
      </testcase>
    
      
      <testcase classname="fastlane.lanes" name="1: version_get_podspec" time="0.000688">
        
      </testcase>
    
      
      <testcase classname="fastlane.lanes" name="2: pod_lib_lint" time="21.551769">
        
          <failure message="/Users/qiuqixiang/.rbenv/versions/3.3.0/lib/ruby/gems/3.3.0/gems/fastlane-2.220.0/fastlane/lib/fastlane/actions/actions_helper.rb:67:in `execute_action&apos;&#10;/Users/qiuqixiang/.rbenv/versions/3.3.0/lib/ruby/gems/3.3.0/gems/fastlane-2.220.0/fastlane/lib/fastlane/runner.rb:255:in `block in execute_action&apos;&#10;/Users/qiuqixiang/.rbenv/versions/3.3.0/lib/ruby/gems/3.3.0/gems/fastlane-2.220.0/fastlane/lib/fastlane/runner.rb:229:in `chdir&apos;&#10;/Users/qiuqixiang/.rbenv/versions/3.3.0/lib/ruby/gems/3.3.0/gems/fastlane-2.220.0/fastlane/lib/fastlane/runner.rb:229:in `execute_action&apos;&#10;/Users/qiuqixiang/.rbenv/versions/3.3.0/lib/ruby/gems/3.3.0/gems/fastlane-2.220.0/fastlane/lib/fastlane/runner.rb:157:in `trigger_action_by_name&apos;&#10;/Users/qiuqixiang/.rbenv/versions/3.3.0/lib/ruby/gems/3.3.0/gems/fastlane-2.220.0/fastlane/lib/fastlane/fast_file.rb:159:in `method_missing&apos;&#10;Fastfile:33:in `block (2 levels) in parsing_binding&apos;&#10;/Users/qiuqixiang/.rbenv/versions/3.3.0/lib/ruby/gems/3.3.0/gems/fastlane-2.220.0/fastlane/lib/fastlane/lane.rb:41:in `call&apos;&#10;/Users/qiuqixiang/.rbenv/versions/3.3.0/lib/ruby/gems/3.3.0/gems/fastlane-2.220.0/fastlane/lib/fastlane/runner.rb:49:in `block in execute&apos;&#10;/Users/qiuqixiang/.rbenv/versions/3.3.0/lib/ruby/gems/3.3.0/gems/fastlane-2.220.0/fastlane/lib/fastlane/runner.rb:45:in `chdir&apos;&#10;/Users/qiuqixiang/.rbenv/versions/3.3.0/lib/ruby/gems/3.3.0/gems/fastlane-2.220.0/fastlane/lib/fastlane/runner.rb:45:in `execute&apos;&#10;/Users/qiuqixiang/.rbenv/versions/3.3.0/lib/ruby/gems/3.3.0/gems/fastlane-2.220.0/fastlane/lib/fastlane/lane_manager.rb:46:in `cruise_lane&apos;&#10;/Users/qiuqixiang/.rbenv/versions/3.3.0/lib/ruby/gems/3.3.0/gems/fastlane-2.220.0/fastlane/lib/fastlane/command_line_handler.rb:34:in `handle&apos;&#10;/Users/qiuqixiang/.rbenv/versions/3.3.0/lib/ruby/gems/3.3.0/gems/fastlane-2.220.0/fastlane/lib/fastlane/commands_generator.rb:110:in `block (2 levels) in run&apos;&#10;/Users/qiuqixiang/.rbenv/versions/3.3.0/lib/ruby/gems/3.3.0/gems/commander-4.6.0/lib/commander/command.rb:187:in `call&apos;&#10;/Users/qiuqixiang/.rbenv/versions/3.3.0/lib/ruby/gems/3.3.0/gems/commander-4.6.0/lib/commander/command.rb:157:in `run&apos;&#10;/Users/qiuqixiang/.rbenv/versions/3.3.0/lib/ruby/gems/3.3.0/gems/commander-4.6.0/lib/commander/runner.rb:444:in `run_active_command&apos;&#10;/Users/qiuqixiang/.rbenv/versions/3.3.0/lib/ruby/gems/3.3.0/gems/fastlane-2.220.0/fastlane_core/lib/fastlane_core/ui/fastlane_runner.rb:124:in `run!&apos;&#10;/Users/qiuqixiang/.rbenv/versions/3.3.0/lib/ruby/gems/3.3.0/gems/commander-4.6.0/lib/commander/delegates.rb:18:in `run!&apos;&#10;/Users/qiuqixiang/.rbenv/versions/3.3.0/lib/ruby/gems/3.3.0/gems/fastlane-2.220.0/fastlane/lib/fastlane/commands_generator.rb:363:in `run&apos;&#10;/Users/qiuqixiang/.rbenv/versions/3.3.0/lib/ruby/gems/3.3.0/gems/fastlane-2.220.0/fastlane/lib/fastlane/commands_generator.rb:43:in `start&apos;&#10;/Users/qiuqixiang/.rbenv/versions/3.3.0/lib/ruby/gems/3.3.0/gems/fastlane-2.220.0/fastlane/lib/fastlane/cli_tools_distributor.rb:123:in `take_off&apos;&#10;/Users/qiuqixiang/.rbenv/versions/3.3.0/lib/ruby/gems/3.3.0/gems/fastlane-2.220.0/bin/fastlane:23:in `&lt;top (required)&gt;&apos;&#10;/Users/qiuqixiang/.rbenv/versions/3.3.0/bin/fastlane:25:in `load&apos;&#10;/Users/qiuqixiang/.rbenv/versions/3.3.0/bin/fastlane:25:in `&lt;main&gt;&apos;&#10;&#10;Exit status of command &apos;bundle exec pod lib lint --allow-warnings&apos; was 1 instead of 0.&#10;&#10; -&gt; WZPagerView -&gt; WZPagerView (1.3.9)&#10;    - ERROR | [WZPagerView/Source] xcodebuild: Returned an unsuccessful exit code. You can use `--verbose` for more information.&#10;    - NOTE  | [WZPagerView/Source] xcodebuild:  note: Using codesigning identity override: -&#10;    - NOTE  | [WZPagerView/Source] xcodebuild:  note: Building targets in dependency order&#10;    - NOTE  | [WZPagerView/Source] xcodebuild:  note: Target dependency graph (3 targets)&#10;    - ERROR | [WZPagerView/Source] xcodebuild:  /Users/qiuqixiang/Desktop/iOS/WZKit/WZPagerView/WZPagerView/Classes/WZPagerView.m:74:9: error: use of undeclared identifier &apos;_isReductionHeaderHeight&apos;; did you mean &apos;_reductionHeaderHeight&apos;?&#10;    - NOTE  | [WZPagerView/Source] xcodebuild:  /Users/qiuqixiang/Desktop/iOS/WZKit/WZPagerView/WZPagerView/Classes/WZPagerView.h:180:39: note: &apos;_reductionHeaderHeight&apos; declared here&#10;&#10;[!] WZPagerView did not pass validation, due to 2 errors.&#10;You can use the `--no-clean` option to inspect any issue.&#10;" />
        
      </testcase>
    
  </testsuite>
</testsuites>
